<?xml version="1.0" encoding="UTF-8" ?>
<testsuite tests="6" failures="4" name="datos.ArticuloFabricaDAOTest" time="0.156" errors="0" skipped="0">
  <properties>
[...]
</properties>
  <testcase classname="datos.ArticuloFabricaDAOTest" name="datos.ArticuloFabricaDAOTest.testSeleccionar" time="0.146">
    <failure message="expected: &lt;null&gt; but was: &lt;[domain.ArticuloFabrica@4e41089d, domain.ArticuloFabrica@32a068d1]&gt;" type="org.opentest4j.AssertionFailedError">org.opentest4j.AssertionFailedError: expected: &lt;null&gt; but was: &lt;[domain.ArticuloFabrica@4e41089d, domain.ArticuloFabrica@32a068d1]&gt;
	at org.junit.jupiter.api.AssertionUtils.fail(AssertionUtils.java:55)
	at org.junit.jupiter.api.AssertionUtils.failNotEqual(AssertionUtils.java:62)
	at org.junit.jupiter.api.AssertEquals.assertEquals(AssertEquals.java:182)
	at org.junit.jupiter.api.AssertEquals.assertEquals(AssertEquals.java:177)
	at org.junit.jupiter.api.Assertions.assertEquals(Assertions.java:1124)
	at datos.ArticuloFabricaDAOTest.testSeleccionar(ArticuloFabricaDAOTest.java:50)
</failure>
    <system-out>seleccionar
</system-out>
  </testcase>
  <testcase classname="datos.ArticuloFabricaDAOTest" name="datos.ArticuloFabricaDAOTest.testCalcularCantidadArticulosPorAnyo0" time="0.001"/>
  <testcase classname="datos.ArticuloFabricaDAOTest" name="datos.ArticuloFabricaDAOTest.testCalcularCantidadArticulosPorAnyo" time="0.002"/>
  <testcase classname="datos.ArticuloFabricaDAOTest" name="datos.ArticuloFabricaDAOTest.testInsertar" time="0.001">
    <failure type="java.lang.NullPointerException">java.lang.NullPointerException
	at datos.ArticuloFabricaDAO.insertar(ArticuloFabricaDAO.java:66)
	at datos.ArticuloFabricaDAOTest.testInsertar(ArticuloFabricaDAOTest.java:64)
</failure>
    <system-out>insertar
</system-out>
  </testcase>
  <testcase classname="datos.ArticuloFabricaDAOTest" name="datos.ArticuloFabricaDAOTest.testActualizar" time="0.001">
    <failure type="java.lang.NullPointerException">java.lang.NullPointerException
	at datos.ArticuloFabricaDAO.actualizar(ArticuloFabricaDAO.java:99)
	at datos.ArticuloFabricaDAOTest.testActualizar(ArticuloFabricaDAOTest.java:79)
</failure>
    <system-out>actualizar
</system-out>
  </testcase>
  <testcase classname="datos.ArticuloFabricaDAOTest" name="datos.ArticuloFabricaDAOTest.testEliminar" time="0.005">
    <failure message="The test case is a prototype." type="org.opentest4j.AssertionFailedError">org.opentest4j.AssertionFailedError: The test case is a prototype.
	at org.junit.jupiter.api.AssertionUtils.fail(AssertionUtils.java:39)
	at org.junit.jupiter.api.Assertions.fail(Assertions.java:109)
	at datos.ArticuloFabricaDAOTest.testEliminar(ArticuloFabricaDAOTest.java:121)
</failure>
    <system-out>eliminar
Se ha producido un error!
java.sql.SQLException: No value specified for parameter 2
	at com.mysql.cj.jdbc.exceptions.SQLError.createSQLException(SQLError.java:129)
	at com.mysql.cj.jdbc.exceptions.SQLError.createSQLException(SQLError.java:97)
	at com.mysql.cj.jdbc.exceptions.SQLExceptionsMapping.translateException(SQLExceptionsMapping.java:122)
	at com.mysql.cj.jdbc.ClientPreparedStatement.executeUpdateInternal(ClientPreparedStatement.java:1115)
	at com.mysql.cj.jdbc.ClientPreparedStatement.executeUpdateInternal(ClientPreparedStatement.java:1040)
	at com.mysql.cj.jdbc.ClientPreparedStatement.executeLargeUpdate(ClientPreparedStatement.java:1347)
	at com.mysql.cj.jdbc.ClientPreparedStatement.executeUpdate(ClientPreparedStatement.java:1025)
	at datos.ArticuloFabricaDAO.eliminar(ArticuloFabricaDAO.java:163)
	at datos.ArticuloFabricaDAOTest.testEliminar(ArticuloFabricaDAOTest.java:118)
	at java.base/jdk.internal.reflect.NativeMethodAccessorImpl.invoke0(Native Method)
	at java.base/jdk.internal.reflect.NativeMethodAccessorImpl.invoke(NativeMethodAccessorImpl.java:62)
	at java.base/jdk.internal.reflect.DelegatingMethodAccessorImpl.invoke(DelegatingMethodAccessorImpl.java:43)
	at java.base/java.lang.reflect.Method.invoke(Method.java:566)
	at org.apache.maven.surefire.junit.PojoTestSet.executeTestMethod(PojoTestSet.java:151)
	at org.apache.maven.surefire.junit.PojoTestSet.executeTestMethods(PojoTestSet.java:102)
	at org.apache.maven.surefire.junit.PojoTestSet.execute(PojoTestSet.java:83)
	at org.apache.maven.surefire.junit.JUnit3Provider.executeTestSet(JUnit3Provider.java:121)
	at org.apache.maven.surefire.junit.JUnit3Provider.invoke(JUnit3Provider.java:98)
	at java.base/jdk.internal.reflect.NativeMethodAccessorImpl.invoke0(Native Method)
	at java.base/jdk.internal.reflect.NativeMethodAccessorImpl.invoke(NativeMethodAccessorImpl.java:62)
	at java.base/jdk.internal.reflect.DelegatingMethodAccessorImpl.invoke(DelegatingMethodAccessorImpl.java:43)
	at java.base/java.lang.reflect.Method.invoke(Method.java:566)
	at org.apache.maven.surefire.util.ReflectionUtils.invokeMethodWithArray(ReflectionUtils.java:189)
	at org.apache.maven.surefire.booter.ProviderFactory$ProviderProxy.invoke(ProviderFactory.java:165)
	at org.apache.maven.surefire.booter.ProviderFactory.invokeProvider(ProviderFactory.java:85)
	at org.apache.maven.surefire.booter.ForkedBooter.runSuitesInProcess(ForkedBooter.java:115)
	at org.apache.maven.surefire.booter.ForkedBooter.main(ForkedBooter.java:75)
</system-out>
  </testcase>
</testsuite>