<?xml version="1.0" encoding="UTF-8" ?>
<testsuite tests="6" failures="4" name="datos.ArticuloFabricaDAOTest" time="0.156" errors="0" skipped="0">
  <properties>
    <property name="java.runtime.name" value="OpenJDK Runtime Environment"/>
    <property name="java.vm.version" value="11.0.24+8-post-Ubuntu-1ubuntu322.04"/>
    <property name="sun.boot.library.path" value="/usr/lib/jvm/java-11-openjdk-amd64/lib"/>
    <property name="maven.multiModuleProjectDirectory" value="/home/javramfue/NetBeansProjects/JDBC_pedidosclients"/>
    <property name="java.vm.vendor" value="Ubuntu"/>
    <property name="java.vendor.url" value="https://ubuntu.com/"/>
    <property name="guice.disable.misplaced.annotation.check" value="true"/>
    <property name="path.separator" value=":"/>
    <property name="java.vm.name" value="OpenJDK 64-Bit Server VM"/>
    <property name="sun.os.patch.level" value="unknown"/>
    <property name="user.country" value="ES"/>
    <property name="sun.java.launcher" value="SUN_STANDARD"/>
    <property name="test" value="datos.ArticuloFabricaDAOTest"/>
    <property name="java.vm.specification.name" value="Java Virtual Machine Specification"/>
    <property name="user.dir" value="/home/javramfue/NetBeansProjects/JDBC_pedidosclients"/>
    <property name="java.vm.compressedOopsMode" value="Zero based"/>
    <property name="java.runtime.version" value="11.0.24+8-post-Ubuntu-1ubuntu322.04"/>
    <property name="java.awt.graphicsenv" value="sun.awt.X11GraphicsEnvironment"/>
    <property name="os.arch" value="amd64"/>
    <property name="java.io.tmpdir" value="/tmp"/>
    <property name="line.separator" value="
"/>
    <property name="java.vm.specification.vendor" value="Oracle Corporation"/>
    <property name="os.name" value="Linux"/>
    <property name="maven.ext.class.path" value="/usr/local/netbeans-14/netbeans/java/maven-nblib/netbeans-eventspy.jar"/>
    <property name="classworlds.conf" value="/usr/local/netbeans-14/netbeans/java/maven/bin/m2.conf"/>
    <property name="sun.jnu.encoding" value="UTF-8"/>
    <property name="java.library.path" value="/usr/java/packages/lib:/usr/lib/x86_64-linux-gnu/jni:/lib/x86_64-linux-gnu:/usr/lib/x86_64-linux-gnu:/usr/lib/jni:/lib:/usr/lib"/>
    <property name="maven.conf" value="/usr/local/netbeans-14/netbeans/java/maven/conf"/>
    <property name="jdk.debug" value="release"/>
    <property name="java.class.version" value="55.0"/>
    <property name="java.specification.name" value="Java Platform API Specification"/>
    <property name="sun.management.compiler" value="HotSpot 64-Bit Tiered Compilers"/>
    <property name="os.version" value="6.8.0-40-generic"/>
    <property name="library.jansi.path" value="/usr/local/netbeans-14/netbeans/java/maven/lib/jansi-native"/>
    <property name="user.home" value="/home/javramfue"/>
    <property name="user.timezone" value="Europe/Madrid"/>
    <property name="java.awt.printerjob" value="sun.print.PSPrinterJob"/>
    <property name="file.encoding" value="UTF-8"/>
    <property name="java.specification.version" value="11"/>
    <property name="user.name" value="javramfue"/>
    <property name="java.class.path" value="/usr/local/netbeans-14/netbeans/java/maven/boot/plexus-classworlds-2.6.0.jar"/>
    <property name="java.vm.specification.version" value="11"/>
    <property name="sun.arch.data.model" value="64"/>
    <property name="sun.java.command" value="org.codehaus.plexus.classworlds.launcher.Launcher -Dtest=datos.ArticuloFabricaDAOTest -Dmaven.ext.class.path=/usr/local/netbeans-14/netbeans/java/maven-nblib/netbeans-eventspy.jar surefire:test"/>
    <property name="java.home" value="/usr/lib/jvm/java-11-openjdk-amd64"/>
    <property name="user.language" value="ca"/>
    <property name="java.specification.vendor" value="Oracle Corporation"/>
    <property name="awt.toolkit" value="sun.awt.X11.XToolkit"/>
    <property name="java.vm.info" value="mixed mode, sharing"/>
    <property name="java.version" value="11.0.24"/>
    <property name="java.vendor" value="Ubuntu"/>
    <property name="java.specification.maintenance.version" value="2"/>
    <property name="maven.home" value="/usr/local/netbeans-14/netbeans/java/maven"/>
    <property name="file.separator" value="/"/>
    <property name="java.version.date" value="2024-07-16"/>
    <property name="java.vendor.url.bug" value="https://bugs.launchpad.net/ubuntu/+source/openjdk-lts"/>
    <property name="sun.io.unicode.encoding" value="UnicodeLittle"/>
    <property name="sun.cpu.endian" value="little"/>
    <property name="sun.cpu.isalist" value=""/>
  </properties>
  <testcase classname="datos.ArticuloFabricaDAOTest" name="datos.ArticuloFabricaDAOTest.testSeleccionar" time="0.146">
    <failure message="expected: &lt;null&gt; but was: &lt;[domain.ArticuloFabrica@4e41089d, domain.ArticuloFabrica@32a068d1]&gt;" type="org.opentest4j.AssertionFailedError">org.opentest4j.AssertionFailedError: expected: &lt;null&gt; but was: &lt;[domain.ArticuloFabrica@4e41089d, domain.ArticuloFabrica@32a068d1]&gt;
	at org.junit.jupiter.api.AssertionUtils.fail(AssertionUtils.java:55)
	at org.junit.jupiter.api.AssertionUtils.failNotEqual(AssertionUtils.java:62)
	at org.junit.jupiter.api.AssertEquals.assertEquals(AssertEquals.java:182)
	at org.junit.jupiter.api.AssertEquals.assertEquals(AssertEquals.java:177)
	at org.junit.jupiter.api.Assertions.assertEquals(Assertions.java:1124)
	at datos.ArticuloFabricaDAOTest.testSeleccionar(ArticuloFabricaDAOTest.java:50)
</failure>
    <system-out>seleccionar
</system-out>
  </testcase>
  <testcase classname="datos.ArticuloFabricaDAOTest" name="datos.ArticuloFabricaDAOTest.testCalcularCantidadArticulosPorAnyo0" time="0.001"/>
  <testcase classname="datos.ArticuloFabricaDAOTest" name="datos.ArticuloFabricaDAOTest.testCalcularCantidadArticulosPorAnyo" time="0.002"/>
  <testcase classname="datos.ArticuloFabricaDAOTest" name="datos.ArticuloFabricaDAOTest.testInsertar" time="0.001">
    <failure type="java.lang.NullPointerException">java.lang.NullPointerException
	at datos.ArticuloFabricaDAO.insertar(ArticuloFabricaDAO.java:66)
	at datos.ArticuloFabricaDAOTest.testInsertar(ArticuloFabricaDAOTest.java:64)
</failure>
    <system-out>insertar
</system-out>
  </testcase>
  <testcase classname="datos.ArticuloFabricaDAOTest" name="datos.ArticuloFabricaDAOTest.testActualizar" time="0.001">
    <failure type="java.lang.NullPointerException">java.lang.NullPointerException
	at datos.ArticuloFabricaDAO.actualizar(ArticuloFabricaDAO.java:99)
	at datos.ArticuloFabricaDAOTest.testActualizar(ArticuloFabricaDAOTest.java:79)
</failure>
    <system-out>actualizar
</system-out>
  </testcase>
  <testcase classname="datos.ArticuloFabricaDAOTest" name="datos.ArticuloFabricaDAOTest.testEliminar" time="0.005">
    <failure message="The test case is a prototype." type="org.opentest4j.AssertionFailedError">org.opentest4j.AssertionFailedError: The test case is a prototype.
	at org.junit.jupiter.api.AssertionUtils.fail(AssertionUtils.java:39)
	at org.junit.jupiter.api.Assertions.fail(Assertions.java:109)
	at datos.ArticuloFabricaDAOTest.testEliminar(ArticuloFabricaDAOTest.java:121)
</failure>
    <system-out>eliminar
Se ha producido un error!
java.sql.SQLException: No value specified for parameter 2
	at com.mysql.cj.jdbc.exceptions.SQLError.createSQLException(SQLError.java:129)
	at com.mysql.cj.jdbc.exceptions.SQLError.createSQLException(SQLError.java:97)
	at com.mysql.cj.jdbc.exceptions.SQLExceptionsMapping.translateException(SQLExceptionsMapping.java:122)
	at com.mysql.cj.jdbc.ClientPreparedStatement.executeUpdateInternal(ClientPreparedStatement.java:1115)
	at com.mysql.cj.jdbc.ClientPreparedStatement.executeUpdateInternal(ClientPreparedStatement.java:1040)
	at com.mysql.cj.jdbc.ClientPreparedStatement.executeLargeUpdate(ClientPreparedStatement.java:1347)
	at com.mysql.cj.jdbc.ClientPreparedStatement.executeUpdate(ClientPreparedStatement.java:1025)
	at datos.ArticuloFabricaDAO.eliminar(ArticuloFabricaDAO.java:163)
	at datos.ArticuloFabricaDAOTest.testEliminar(ArticuloFabricaDAOTest.java:118)
	at java.base/jdk.internal.reflect.NativeMethodAccessorImpl.invoke0(Native Method)
	at java.base/jdk.internal.reflect.NativeMethodAccessorImpl.invoke(NativeMethodAccessorImpl.java:62)
	at java.base/jdk.internal.reflect.DelegatingMethodAccessorImpl.invoke(DelegatingMethodAccessorImpl.java:43)
	at java.base/java.lang.reflect.Method.invoke(Method.java:566)
	at org.apache.maven.surefire.junit.PojoTestSet.executeTestMethod(PojoTestSet.java:151)
	at org.apache.maven.surefire.junit.PojoTestSet.executeTestMethods(PojoTestSet.java:102)
	at org.apache.maven.surefire.junit.PojoTestSet.execute(PojoTestSet.java:83)
	at org.apache.maven.surefire.junit.JUnit3Provider.executeTestSet(JUnit3Provider.java:121)
	at org.apache.maven.surefire.junit.JUnit3Provider.invoke(JUnit3Provider.java:98)
	at java.base/jdk.internal.reflect.NativeMethodAccessorImpl.invoke0(Native Method)
	at java.base/jdk.internal.reflect.NativeMethodAccessorImpl.invoke(NativeMethodAccessorImpl.java:62)
	at java.base/jdk.internal.reflect.DelegatingMethodAccessorImpl.invoke(DelegatingMethodAccessorImpl.java:43)
	at java.base/java.lang.reflect.Method.invoke(Method.java:566)
	at org.apache.maven.surefire.util.ReflectionUtils.invokeMethodWithArray(ReflectionUtils.java:189)
	at org.apache.maven.surefire.booter.ProviderFactory$ProviderProxy.invoke(ProviderFactory.java:165)
	at org.apache.maven.surefire.booter.ProviderFactory.invokeProvider(ProviderFactory.java:85)
	at org.apache.maven.surefire.booter.ForkedBooter.runSuitesInProcess(ForkedBooter.java:115)
	at org.apache.maven.surefire.booter.ForkedBooter.main(ForkedBooter.java:75)
</system-out>
  </testcase>
</testsuite>